--------------- Ox at 12:31:02 on 14-Apr-2005 ---------------

Ox version 3.81 (Windows/U) (C) J.A. Doornik, 1994-2005

C=3 R=1.698638062740288e+000
total rectangular area:             1.540216817425056e+000
total area below curve:             1.253314137315500e+000
total rectangular area below curve: 3.156238021364218e-001
efficiency step 1:  6.549732679550103e-001
efficiency overall: 8.137257840170832e-001
z(r): 3.330669073875470e-016

C=4 R=1.914928263803744e+000
total rectangular area:             1.502703368659071e+000
total area below curve:             1.253314137315500e+000
total rectangular area below curve: 4.511333410218625e-001
efficiency step 1:  7.169007903654640e-001
efficiency overall: 8.340396138420108e-001
z(r): -2.220446049250313e-016

C=8 R=2.338371698247252e+000
total rectangular area:             1.409389120950221e+000
total area below curve:             1.253314137315500e+000
total rectangular area below curve: 6.467460466234903e-001
efficiency step 1:  8.269033110651103e-001
efficiency overall: 8.892605446468229e-001
z(r): 4.440892098500626e-016

C=16 R=2.675536765737613e+000
total rectangular area:             1.343831419965238e+000
total area below curve:             1.253314137315500e+000
total rectangular area below curve: 7.679653772525875e-001
efficiency step 1:  8.967116264498390e-001
efficiency overall: 9.326423825898647e-001
z(r): 1.554312234475219e-015

C=32 R=2.961300121264020e+000
total rectangular area:             1.304279821831035e+000
total area below curve:             1.253314137315500e+000
total rectangular area below curve: 8.598319744685824e-001
efficiency step 1:  9.397014596700041e-001
efficiency overall: 9.609242712625992e-001
z(r): -1.221245327087672e-015

C=64 R=3.213657627158895e+000
total rectangular area:             1.281565258070510e+000
total area below curve:             1.253314137315500e+000
total rectangular area below curve: 9.343841419621557e-001
efficiency step 1:  9.654520774709786e-001
efficiency overall: 9.779557688716192e-001
z(r): 1.443289932012704e-015

C=128 R=3.442619855896652e+000
total rectangular area:             1.268808068523068e+000
total area below curve:             1.253314137315500e+000
total rectangular area below curve: 9.957651588751836e-001
efficiency step 1:  9.805175576243561e-001
efficiency overall: 9.877885934114504e-001
z(r): -6.106226635438361e-016

C=256 R=3.654152885361008e+000
total rectangular area:             1.261740347897513e+000
total area below curve:             1.253314137315500e+000
total rectangular area below curve: 1.046175056147985e+000
efficiency step 1:  9.891588124967723e-001
efficiency overall: 9.933217554657312e-001
z(r): 1.276756478318930e-015
